# QEMU configure log lundi 24 février 2020, 07:22:25 (UTC+0100)
# Configured with: './configure' '--disable-werror' '--enable-debug' '--target-list=arm-softmmu' '--extra-cflags=-DDEBUG_CLKTREE' '--extra-cflags=-DDEBUG_STM32_RCC' '--extra-cflags=-DDEBUG_STM32_UART' '--extra-cflags=-DSTM32_UART_NO_BAUD_DELAY' '--extra-cflags=-DSTM32_UART_ENABLE_OVERRUN' '--disable-gtk'
#
cc -D_GNU_SOURCE -D_FILE_OFFSET_BITS=64 -D_LARGEFILE_SOURCE -Wstrict-prototypes -Wredundant-decls -Wall -Wundef -Wwrite-strings -Wmissing-prototypes -fno-strict-aliasing -fno-common -DSTM32_UART_ENABLE_OVERRUN -DSTM32_UART_NO_BAUD_DELAY -DDEBUG_STM32_UART -DDEBUG_STM32_RCC -DDEBUG_CLKTREE -c -o config-temp/qemu-conf.o config-temp/qemu-conf.c
cc -D_GNU_SOURCE -D_FILE_OFFSET_BITS=64 -D_LARGEFILE_SOURCE -Wstrict-prototypes -Wredundant-decls -Wall -Wundef -Wwrite-strings -Wmissing-prototypes -fno-strict-aliasing -fno-common -DSTM32_UART_ENABLE_OVERRUN -DSTM32_UART_NO_BAUD_DELAY -DDEBUG_STM32_UART -DDEBUG_STM32_RCC -DDEBUG_CLKTREE -c -o config-temp/qemu-conf.o config-temp/qemu-conf.c
config-temp/qemu-conf.c:2:2: error: #error __i386__ not defined
 #error __i386__ not defined
  ^~~~~
cc -D_GNU_SOURCE -D_FILE_OFFSET_BITS=64 -D_LARGEFILE_SOURCE -Wstrict-prototypes -Wredundant-decls -Wall -Wundef -Wwrite-strings -Wmissing-prototypes -fno-strict-aliasing -fno-common -DSTM32_UART_ENABLE_OVERRUN -DSTM32_UART_NO_BAUD_DELAY -DDEBUG_STM32_UART -DDEBUG_STM32_RCC -DDEBUG_CLKTREE -c -o config-temp/qemu-conf.o config-temp/qemu-conf.c
cc -D_GNU_SOURCE -D_FILE_OFFSET_BITS=64 -D_LARGEFILE_SOURCE -Wstrict-prototypes -Wredundant-decls -Wall -Wundef -Wwrite-strings -Wmissing-prototypes -fno-strict-aliasing -fno-common -DSTM32_UART_ENABLE_OVERRUN -DSTM32_UART_NO_BAUD_DELAY -DDEBUG_STM32_UART -DDEBUG_STM32_RCC -DDEBUG_CLKTREE -c -o config-temp/qemu-conf.o config-temp/qemu-conf.c
config-temp/qemu-conf.c:2:2: error: #error __ILP32__ not defined
 #error __ILP32__ not defined
  ^~~~~
cc -m64 -D_GNU_SOURCE -D_FILE_OFFSET_BITS=64 -D_LARGEFILE_SOURCE -Wstrict-prototypes -Wredundant-decls -Wall -Wundef -Wwrite-strings -Wmissing-prototypes -fno-strict-aliasing -fno-common -DSTM32_UART_ENABLE_OVERRUN -DSTM32_UART_NO_BAUD_DELAY -DDEBUG_STM32_UART -DDEBUG_STM32_RCC -DDEBUG_CLKTREE -c -o config-temp/qemu-conf.o config-temp/qemu-conf.c
cc -m64 -D_GNU_SOURCE -D_FILE_OFFSET_BITS=64 -D_LARGEFILE_SOURCE -Wstrict-prototypes -Wredundant-decls -Wall -Wundef -Wwrite-strings -Wmissing-prototypes -fno-strict-aliasing -fno-common -DSTM32_UART_ENABLE_OVERRUN -DSTM32_UART_NO_BAUD_DELAY -DDEBUG_STM32_UART -DDEBUG_STM32_RCC -DDEBUG_CLKTREE -c -o config-temp/qemu-conf.o config-temp/qemu-conf.c
c++ -m64 -D_GNU_SOURCE -D_FILE_OFFSET_BITS=64 -D_LARGEFILE_SOURCE -Wall -Wundef -Wwrite-strings -fno-strict-aliasing -fno-common -DSTM32_UART_ENABLE_OVERRUN -DSTM32_UART_NO_BAUD_DELAY -DDEBUG_STM32_UART -DDEBUG_STM32_RCC -DDEBUG_CLKTREE -o config-temp/qemu-conf.exe config-temp/qemu-conf.cxx config-temp/qemu-conf.o -m64 -g
cc -m64 -D_GNU_SOURCE -D_FILE_OFFSET_BITS=64 -D_LARGEFILE_SOURCE -Wstrict-prototypes -Wredundant-decls -Wall -Wundef -Wwrite-strings -Wmissing-prototypes -fno-strict-aliasing -fno-common -DSTM32_UART_ENABLE_OVERRUN -DSTM32_UART_NO_BAUD_DELAY -DDEBUG_STM32_UART -DDEBUG_STM32_RCC -DDEBUG_CLKTREE -Werror -Wstring-plus-int -o config-temp/qemu-conf.exe config-temp/qemu-conf.c -m64 -g
cc: error: unrecognized command line option ‘-Wstring-plus-int’; did you mean ‘-Wstrict-aliasing’?
cc -m64 -D_GNU_SOURCE -D_FILE_OFFSET_BITS=64 -D_LARGEFILE_SOURCE -Wstrict-prototypes -Wredundant-decls -Wall -Wundef -Wwrite-strings -Wmissing-prototypes -fno-strict-aliasing -fno-common -DSTM32_UART_ENABLE_OVERRUN -DSTM32_UART_NO_BAUD_DELAY -DDEBUG_STM32_UART -DDEBUG_STM32_RCC -DDEBUG_CLKTREE -Werror -Winitializer-overrides -o config-temp/qemu-conf.exe config-temp/qemu-conf.c -m64 -g
cc: error: unrecognized command line option ‘-Winitializer-overrides’; did you mean ‘-Wno-suggest-override’?
cc -m64 -D_GNU_SOURCE -D_FILE_OFFSET_BITS=64 -D_LARGEFILE_SOURCE -Wstrict-prototypes -Wredundant-decls -Wall -Wundef -Wwrite-strings -Wmissing-prototypes -fno-strict-aliasing -fno-common -DSTM32_UART_ENABLE_OVERRUN -DSTM32_UART_NO_BAUD_DELAY -DDEBUG_STM32_UART -DDEBUG_STM32_RCC -DDEBUG_CLKTREE -Werror -Wendif-labels -o config-temp/qemu-conf.exe config-temp/qemu-conf.c -m64 -g
cc -m64 -D_GNU_SOURCE -D_FILE_OFFSET_BITS=64 -D_LARGEFILE_SOURCE -Wstrict-prototypes -Wredundant-decls -Wall -Wundef -Wwrite-strings -Wmissing-prototypes -fno-strict-aliasing -fno-common -DSTM32_UART_ENABLE_OVERRUN -DSTM32_UART_NO_BAUD_DELAY -DDEBUG_STM32_UART -DDEBUG_STM32_RCC -DDEBUG_CLKTREE -Wendif-labels -Werror -Wmissing-include-dirs -o config-temp/qemu-conf.exe config-temp/qemu-conf.c -m64 -g
cc -m64 -D_GNU_SOURCE -D_FILE_OFFSET_BITS=64 -D_LARGEFILE_SOURCE -Wstrict-prototypes -Wredundant-decls -Wall -Wundef -Wwrite-strings -Wmissing-prototypes -fno-strict-aliasing -fno-common -DSTM32_UART_ENABLE_OVERRUN -DSTM32_UART_NO_BAUD_DELAY -DDEBUG_STM32_UART -DDEBUG_STM32_RCC -DDEBUG_CLKTREE -Wendif-labels -Wmissing-include-dirs -Werror -Wempty-body -o config-temp/qemu-conf.exe config-temp/qemu-conf.c -m64 -g
cc -m64 -D_GNU_SOURCE -D_FILE_OFFSET_BITS=64 -D_LARGEFILE_SOURCE -Wstrict-prototypes -Wredundant-decls -Wall -Wundef -Wwrite-strings -Wmissing-prototypes -fno-strict-aliasing -fno-common -DSTM32_UART_ENABLE_OVERRUN -DSTM32_UART_NO_BAUD_DELAY -DDEBUG_STM32_UART -DDEBUG_STM32_RCC -DDEBUG_CLKTREE -Wendif-labels -Wmissing-include-dirs -Wempty-body -Werror -Wnested-externs -o config-temp/qemu-conf.exe config-temp/qemu-conf.c -m64 -g
cc -m64 -D_GNU_SOURCE -D_FILE_OFFSET_BITS=64 -D_LARGEFILE_SOURCE -Wstrict-prototypes -Wredundant-decls -Wall -Wundef -Wwrite-strings -Wmissing-prototypes -fno-strict-aliasing -fno-common -DSTM32_UART_ENABLE_OVERRUN -DSTM32_UART_NO_BAUD_DELAY -DDEBUG_STM32_UART -DDEBUG_STM32_RCC -DDEBUG_CLKTREE -Wendif-labels -Wmissing-include-dirs -Wempty-body -Wnested-externs -Werror -Wformat-security -o config-temp/qemu-conf.exe config-temp/qemu-conf.c -m64 -g
cc -m64 -D_GNU_SOURCE -D_FILE_OFFSET_BITS=64 -D_LARGEFILE_SOURCE -Wstrict-prototypes -Wredundant-decls -Wall -Wundef -Wwrite-strings -Wmissing-prototypes -fno-strict-aliasing -fno-common -DSTM32_UART_ENABLE_OVERRUN -DSTM32_UART_NO_BAUD_DELAY -DDEBUG_STM32_UART -DDEBUG_STM32_RCC -DDEBUG_CLKTREE -Wendif-labels -Wmissing-include-dirs -Wempty-body -Wnested-externs -Wformat-security -Werror -Wformat-y2k -o config-temp/qemu-conf.exe config-temp/qemu-conf.c -m64 -g
cc -m64 -D_GNU_SOURCE -D_FILE_OFFSET_BITS=64 -D_LARGEFILE_SOURCE -Wstrict-prototypes -Wredundant-decls -Wall -Wundef -Wwrite-strings -Wmissing-prototypes -fno-strict-aliasing -fno-common -DSTM32_UART_ENABLE_OVERRUN -DSTM32_UART_NO_BAUD_DELAY -DDEBUG_STM32_UART -DDEBUG_STM32_RCC -DDEBUG_CLKTREE -Wendif-labels -Wmissing-include-dirs -Wempty-body -Wnested-externs -Wformat-security -Wformat-y2k -Werror -Winit-self -o config-temp/qemu-conf.exe config-temp/qemu-conf.c -m64 -g
cc -m64 -D_GNU_SOURCE -D_FILE_OFFSET_BITS=64 -D_LARGEFILE_SOURCE -Wstrict-prototypes -Wredundant-decls -Wall -Wundef -Wwrite-strings -Wmissing-prototypes -fno-strict-aliasing -fno-common -DSTM32_UART_ENABLE_OVERRUN -DSTM32_UART_NO_BAUD_DELAY -DDEBUG_STM32_UART -DDEBUG_STM32_RCC -DDEBUG_CLKTREE -Wendif-labels -Wmissing-include-dirs -Wempty-body -Wnested-externs -Wformat-security -Wformat-y2k -Winit-self -Werror -Wignored-qualifiers -o config-temp/qemu-conf.exe config-temp/qemu-conf.c -m64 -g
cc -m64 -D_GNU_SOURCE -D_FILE_OFFSET_BITS=64 -D_LARGEFILE_SOURCE -Wstrict-prototypes -Wredundant-decls -Wall -Wundef -Wwrite-strings -Wmissing-prototypes -fno-strict-aliasing -fno-common -DSTM32_UART_ENABLE_OVERRUN -DSTM32_UART_NO_BAUD_DELAY -DDEBUG_STM32_UART -DDEBUG_STM32_RCC -DDEBUG_CLKTREE -Wendif-labels -Wmissing-include-dirs -Wempty-body -Wnested-externs -Wformat-security -Wformat-y2k -Winit-self -Wignored-qualifiers -Werror -Wold-style-declaration -o config-temp/qemu-conf.exe config-temp/qemu-conf.c -m64 -g
cc -m64 -D_GNU_SOURCE -D_FILE_OFFSET_BITS=64 -D_LARGEFILE_SOURCE -Wstrict-prototypes -Wredundant-decls -Wall -Wundef -Wwrite-strings -Wmissing-prototypes -fno-strict-aliasing -fno-common -DSTM32_UART_ENABLE_OVERRUN -DSTM32_UART_NO_BAUD_DELAY -DDEBUG_STM32_UART -DDEBUG_STM32_RCC -DDEBUG_CLKTREE -Wendif-labels -Wmissing-include-dirs -Wempty-body -Wnested-externs -Wformat-security -Wformat-y2k -Winit-self -Wignored-qualifiers -Wold-style-declaration -Werror -Wold-style-definition -o config-temp/qemu-conf.exe config-temp/qemu-conf.c -m64 -g
cc -m64 -D_GNU_SOURCE -D_FILE_OFFSET_BITS=64 -D_LARGEFILE_SOURCE -Wstrict-prototypes -Wredundant-decls -Wall -Wundef -Wwrite-strings -Wmissing-prototypes -fno-strict-aliasing -fno-common -DSTM32_UART_ENABLE_OVERRUN -DSTM32_UART_NO_BAUD_DELAY -DDEBUG_STM32_UART -DDEBUG_STM32_RCC -DDEBUG_CLKTREE -Wendif-labels -Wmissing-include-dirs -Wempty-body -Wnested-externs -Wformat-security -Wformat-y2k -Winit-self -Wignored-qualifiers -Wold-style-declaration -Wold-style-definition -Werror -Wtype-limits -o config-temp/qemu-conf.exe config-temp/qemu-conf.c -m64 -g
cc -m64 -D_GNU_SOURCE -D_FILE_OFFSET_BITS=64 -D_LARGEFILE_SOURCE -Wstrict-prototypes -Wredundant-decls -Wall -Wundef -Wwrite-strings -Wmissing-prototypes -fno-strict-aliasing -fno-common -DSTM32_UART_ENABLE_OVERRUN -DSTM32_UART_NO_BAUD_DELAY -DDEBUG_STM32_UART -DDEBUG_STM32_RCC -DDEBUG_CLKTREE -Wendif-labels -Wmissing-include-dirs -Wempty-body -Wnested-externs -Wformat-security -Wformat-y2k -Winit-self -Wignored-qualifiers -Wold-style-declaration -Wold-style-definition -Wtype-limits -Werror -fstack-protector-strong -c -o config-temp/qemu-conf.o config-temp/qemu-conf.c
cc -m64 -D_GNU_SOURCE -D_FILE_OFFSET_BITS=64 -D_LARGEFILE_SOURCE -Wstrict-prototypes -Wredundant-decls -Wall -Wundef -Wwrite-strings -Wmissing-prototypes -fno-strict-aliasing -fno-common -DSTM32_UART_ENABLE_OVERRUN -DSTM32_UART_NO_BAUD_DELAY -DDEBUG_STM32_UART -DDEBUG_STM32_RCC -DDEBUG_CLKTREE -Wendif-labels -Wmissing-include-dirs -Wempty-body -Wnested-externs -Wformat-security -Wformat-y2k -Winit-self -Wignored-qualifiers -Wold-style-declaration -Wold-style-definition -Wtype-limits -Werror -fstack-protector-strong -o config-temp/qemu-conf.exe config-temp/qemu-conf.c -m64 -g
cc -m64 -D_GNU_SOURCE -D_FILE_OFFSET_BITS=64 -D_LARGEFILE_SOURCE -Wstrict-prototypes -Wredundant-decls -Wall -Wundef -Wwrite-strings -Wmissing-prototypes -fno-strict-aliasing -fno-common -DSTM32_UART_ENABLE_OVERRUN -DSTM32_UART_NO_BAUD_DELAY -DDEBUG_STM32_UART -DDEBUG_STM32_RCC -DDEBUG_CLKTREE -Wendif-labels -Wmissing-include-dirs -Wempty-body -Wnested-externs -Wformat-security -Wformat-y2k -Winit-self -Wignored-qualifiers -Wold-style-declaration -Wold-style-definition -Wtype-limits -fstack-protector-strong -Werror -fno-gcse -o config-temp/qemu-conf.exe config-temp/qemu-conf.c -m64 -g
config-temp/qemu-conf.c:4:2: error: #error No bug in this compiler.
 #error No bug in this compiler.
  ^~~~~
cc -m64 -D_GNU_SOURCE -D_FILE_OFFSET_BITS=64 -D_LARGEFILE_SOURCE -Wstrict-prototypes -Wredundant-decls -Wall -Wundef -Wwrite-strings -Wmissing-prototypes -fno-strict-aliasing -fno-common -DSTM32_UART_ENABLE_OVERRUN -DSTM32_UART_NO_BAUD_DELAY -DDEBUG_STM32_UART -DDEBUG_STM32_RCC -DDEBUG_CLKTREE -Wendif-labels -Wmissing-include-dirs -Wempty-body -Wnested-externs -Wformat-security -Wformat-y2k -Winit-self -Wignored-qualifiers -Wold-style-declaration -Wold-style-definition -Wtype-limits -fstack-protector-strong -fPIE -DPIE -o config-temp/qemu-conf.exe config-temp/qemu-conf.c -m64 -g -pie
cc -fPIE -DPIE -m64 -D_GNU_SOURCE -D_FILE_OFFSET_BITS=64 -D_LARGEFILE_SOURCE -Wstrict-prototypes -Wredundant-decls -Wall -Wundef -Wwrite-strings -Wmissing-prototypes -fno-strict-aliasing -fno-common -DSTM32_UART_ENABLE_OVERRUN -DSTM32_UART_NO_BAUD_DELAY -DDEBUG_STM32_UART -DDEBUG_STM32_RCC -DDEBUG_CLKTREE -Wendif-labels -Wmissing-include-dirs -Wempty-body -Wnested-externs -Wformat-security -Wformat-y2k -Winit-self -Wignored-qualifiers -Wold-style-declaration -Wold-style-definition -Wtype-limits -fstack-protector-strong -o config-temp/qemu-conf.exe config-temp/qemu-conf.c -pie -m64 -g -Wl,-z,relro -Wl,-z,now
cc -fPIE -DPIE -m64 -D_GNU_SOURCE -D_FILE_OFFSET_BITS=64 -D_LARGEFILE_SOURCE -Wstrict-prototypes -Wredundant-decls -Wall -Wundef -Wwrite-strings -Wmissing-prototypes -fno-strict-aliasing -fno-common -DSTM32_UART_ENABLE_OVERRUN -DSTM32_UART_NO_BAUD_DELAY -DDEBUG_STM32_UART -DDEBUG_STM32_RCC -DDEBUG_CLKTREE -Wendif-labels -Wmissing-include-dirs -Wempty-body -Wnested-externs -Wformat-security -Wformat-y2k -Winit-self -Wignored-qualifiers -Wold-style-declaration -Wold-style-definition -Wtype-limits -fstack-protector-strong -fno-pie -o config-temp/qemu-conf.exe config-temp/qemu-conf.c -Wl,-z,relro -Wl,-z,now -pie -m64 -g -nopie
cc: error: unrecognized command line option ‘-nopie’; did you mean ‘-no-pie’?
libtool --mode=compile --tag=CC cc -fPIE -DPIE -m64 -D_GNU_SOURCE -D_FILE_OFFSET_BITS=64 -D_LARGEFILE_SOURCE -Wstrict-prototypes -Wredundant-decls -Wall -Wundef -Wwrite-strings -Wmissing-prototypes -fno-strict-aliasing -fno-common -DSTM32_UART_ENABLE_OVERRUN -DSTM32_UART_NO_BAUD_DELAY -DDEBUG_STM32_UART -DDEBUG_STM32_RCC -DDEBUG_CLKTREE -Wendif-labels -Wmissing-include-dirs -Wempty-body -Wnested-externs -Wformat-security -Wformat-y2k -Winit-self -Wignored-qualifiers -Wold-style-declaration -Wold-style-definition -Wtype-limits -fstack-protector-strong -c -fPIE -DPIE -o config-temp/qemu-conf.o config-temp/qemu-conf.c
./configure: 120: ./configure: libtool: not found
cc -fPIE -DPIE -m64 -D_GNU_SOURCE -D_FILE_OFFSET_BITS=64 -D_LARGEFILE_SOURCE -Wstrict-prototypes -Wredundant-decls -Wall -Wundef -Wwrite-strings -Wmissing-prototypes -fno-strict-aliasing -fno-common -DSTM32_UART_ENABLE_OVERRUN -DSTM32_UART_NO_BAUD_DELAY -DDEBUG_STM32_UART -DDEBUG_STM32_RCC -DDEBUG_CLKTREE -Wendif-labels -Wmissing-include-dirs -Wempty-body -Wnested-externs -Wformat-security -Wformat-y2k -Winit-self -Wignored-qualifiers -Wold-style-declaration -Wold-style-definition -Wtype-limits -fstack-protector-strong -c -o config-temp/qemu-conf.o config-temp/qemu-conf.c
cc -fPIE -DPIE -m64 -D_GNU_SOURCE -D_FILE_OFFSET_BITS=64 -D_LARGEFILE_SOURCE -Wstrict-prototypes -Wredundant-decls -Wall -Wundef -Wwrite-strings -Wmissing-prototypes -fno-strict-aliasing -fno-common -DSTM32_UART_ENABLE_OVERRUN -DSTM32_UART_NO_BAUD_DELAY -DDEBUG_STM32_UART -DDEBUG_STM32_RCC -DDEBUG_CLKTREE -Wendif-labels -Wmissing-include-dirs -Wempty-body -Wnested-externs -Wformat-security -Wformat-y2k -Winit-self -Wignored-qualifiers -Wold-style-declaration -Wold-style-definition -Wtype-limits -fstack-protector-strong -o config-temp/qemu-conf.exe config-temp/qemu-conf.c -Wl,-z,relro -Wl,-z,now -pie -m64 -g
cc -fPIE -DPIE -m64 -D_GNU_SOURCE -D_FILE_OFFSET_BITS=64 -D_LARGEFILE_SOURCE -Wstrict-prototypes -Wredundant-decls -Wall -Wundef -Wwrite-strings -Wmissing-prototypes -fno-strict-aliasing -fno-common -DSTM32_UART_ENABLE_OVERRUN -DSTM32_UART_NO_BAUD_DELAY -DDEBUG_STM32_UART -DDEBUG_STM32_RCC -DDEBUG_CLKTREE -Wendif-labels -Wmissing-include-dirs -Wempty-body -Wnested-externs -Wformat-security -Wformat-y2k -Winit-self -Wignored-qualifiers -Wold-style-declaration -Wold-style-definition -Wtype-limits -fstack-protector-strong -c -o config-temp/qemu-conf.o config-temp/qemu-conf.c
cc -fPIE -DPIE -m64 -D_GNU_SOURCE -D_FILE_OFFSET_BITS=64 -D_LARGEFILE_SOURCE -Wstrict-prototypes -Wredundant-decls -Wall -Wundef -Wwrite-strings -Wmissing-prototypes -fno-strict-aliasing -fno-common -DSTM32_UART_ENABLE_OVERRUN -DSTM32_UART_NO_BAUD_DELAY -DDEBUG_STM32_UART -DDEBUG_STM32_RCC -DDEBUG_CLKTREE -Wendif-labels -Wmissing-include-dirs -Wempty-body -Wnested-externs -Wformat-security -Wformat-y2k -Winit-self -Wignored-qualifiers -Wold-style-declaration -Wold-style-definition -Wtype-limits -fstack-protector-strong -o config-temp/qemu-conf.exe config-temp/qemu-conf.c -Wl,-z,relro -Wl,-z,now -pie -m64 -g -lz
cc -fPIE -DPIE -m64 -D_GNU_SOURCE -D_FILE_OFFSET_BITS=64 -D_LARGEFILE_SOURCE -Wstrict-prototypes -Wredundant-decls -Wall -Wundef -Wwrite-strings -Wmissing-prototypes -fno-strict-aliasing -fno-common -DSTM32_UART_ENABLE_OVERRUN -DSTM32_UART_NO_BAUD_DELAY -DDEBUG_STM32_UART -DDEBUG_STM32_RCC -DDEBUG_CLKTREE -Wendif-labels -Wmissing-include-dirs -Wempty-body -Wnested-externs -Wformat-security -Wformat-y2k -Winit-self -Wignored-qualifiers -Wold-style-declaration -Wold-style-definition -Wtype-limits -fstack-protector-strong -o config-temp/qemu-conf.exe config-temp/qemu-conf.c -Wl,-z,relro -Wl,-z,now -pie -m64 -g -llzo2
config-temp/qemu-conf.c:1:10: fatal error: lzo/lzo1x.h: Aucun fichier ou dossier de ce type
 #include <lzo/lzo1x.h>
          ^~~~~~~~~~~~~
compilation terminated.
cc -fPIE -DPIE -m64 -D_GNU_SOURCE -D_FILE_OFFSET_BITS=64 -D_LARGEFILE_SOURCE -Wstrict-prototypes -Wredundant-decls -Wall -Wundef -Wwrite-strings -Wmissing-prototypes -fno-strict-aliasing -fno-common -DSTM32_UART_ENABLE_OVERRUN -DSTM32_UART_NO_BAUD_DELAY -DDEBUG_STM32_UART -DDEBUG_STM32_RCC -DDEBUG_CLKTREE -Wendif-labels -Wmissing-include-dirs -Wempty-body -Wnested-externs -Wformat-security -Wformat-y2k -Winit-self -Wignored-qualifiers -Wold-style-declaration -Wold-style-definition -Wtype-limits -fstack-protector-strong -o config-temp/qemu-conf.exe config-temp/qemu-conf.c -Wl,-z,relro -Wl,-z,now -pie -m64 -g -lsnappy
config-temp/qemu-conf.c:1:10: fatal error: snappy-c.h: Aucun fichier ou dossier de ce type
 #include <snappy-c.h>
          ^~~~~~~~~~~~
compilation terminated.
cc -fPIE -DPIE -m64 -D_GNU_SOURCE -D_FILE_OFFSET_BITS=64 -D_LARGEFILE_SOURCE -Wstrict-prototypes -Wredundant-decls -Wall -Wundef -Wwrite-strings -Wmissing-prototypes -fno-strict-aliasing -fno-common -DSTM32_UART_ENABLE_OVERRUN -DSTM32_UART_NO_BAUD_DELAY -DDEBUG_STM32_UART -DDEBUG_STM32_RCC -DDEBUG_CLKTREE -Wendif-labels -Wmissing-include-dirs -Wempty-body -Wnested-externs -Wformat-security -Wformat-y2k -Winit-self -Wignored-qualifiers -Wold-style-declaration -Wold-style-definition -Wtype-limits -fstack-protector-strong -o config-temp/qemu-conf.exe config-temp/qemu-conf.c -Wl,-z,relro -Wl,-z,now -pie -m64 -g -lxenstore -lxenctrl -lxenguest
config-temp/qemu-conf.c:1:10: fatal error: xenctrl.h: Aucun fichier ou dossier de ce type
 #include <xenctrl.h>
          ^~~~~~~~~~~
compilation terminated.
cc -fPIE -DPIE -m64 -D_GNU_SOURCE -D_FILE_OFFSET_BITS=64 -D_LARGEFILE_SOURCE -Wstrict-prototypes -Wredundant-decls -Wall -Wundef -Wwrite-strings -Wmissing-prototypes -fno-strict-aliasing -fno-common -DSTM32_UART_ENABLE_OVERRUN -DSTM32_UART_NO_BAUD_DELAY -DDEBUG_STM32_UART -DDEBUG_STM32_RCC -DDEBUG_CLKTREE -Wendif-labels -Wmissing-include-dirs -Wempty-body -Wnested-externs -Wformat-security -Wformat-y2k -Winit-self -Wignored-qualifiers -Wold-style-declaration -Wold-style-definition -Wtype-limits -fstack-protector-strong -o config-temp/qemu-conf.exe config-temp/qemu-conf.c -Wl,-z,relro -Wl,-z,now -pie -m64 -g -lrdmacm -libverbs
config-temp/qemu-conf.c:1:10: fatal error: rdma/rdma_cma.h: Aucun fichier ou dossier de ce type
 #include <rdma/rdma_cma.h>
          ^~~~~~~~~~~~~~~~~
compilation terminated.
cc -fPIE -DPIE -m64 -D_GNU_SOURCE -D_FILE_OFFSET_BITS=64 -D_LARGEFILE_SOURCE -Wstrict-prototypes -Wredundant-decls -Wall -Wundef -Wwrite-strings -Wmissing-prototypes -fno-strict-aliasing -fno-common -DSTM32_UART_ENABLE_OVERRUN -DSTM32_UART_NO_BAUD_DELAY -DDEBUG_STM32_UART -DDEBUG_STM32_RCC -DDEBUG_CLKTREE -Wendif-labels -Wmissing-include-dirs -Wempty-body -Wnested-externs -Wformat-security -Wformat-y2k -Winit-self -Wignored-qualifiers -Wold-style-declaration -Wold-style-definition -Wtype-limits -fstack-protector-strong -o config-temp/qemu-conf.exe config-temp/qemu-conf.c -Wl,-z,relro -Wl,-z,now -pie -m64 -g
config-temp/qemu-conf.c:1:10: fatal error: gnutls/gnutls.h: Aucun fichier ou dossier de ce type
 #include <gnutls/gnutls.h>
          ^~~~~~~~~~~~~~~~~
compilation terminated.
cc -fPIE -DPIE -m64 -D_GNU_SOURCE -D_FILE_OFFSET_BITS=64 -D_LARGEFILE_SOURCE -Wstrict-prototypes -Wredundant-decls -Wall -Wundef -Wwrite-strings -Wmissing-prototypes -fno-strict-aliasing -fno-common -DSTM32_UART_ENABLE_OVERRUN -DSTM32_UART_NO_BAUD_DELAY -DDEBUG_STM32_UART -DDEBUG_STM32_RCC -DDEBUG_CLKTREE -Wendif-labels -Wmissing-include-dirs -Wempty-body -Wnested-externs -Wformat-security -Wformat-y2k -Winit-self -Wignored-qualifiers -Wold-style-declaration -Wold-style-definition -Wtype-limits -fstack-protector-strong -o config-temp/qemu-conf.exe config-temp/qemu-conf.c -Wl,-z,relro -Wl,-z,now -pie -m64 -g
config-temp/qemu-conf.c:1:10: fatal error: gnutls/gnutls.h: Aucun fichier ou dossier de ce type
 #include <gnutls/gnutls.h>
          ^~~~~~~~~~~~~~~~~
compilation terminated.
cc -fPIE -DPIE -m64 -D_GNU_SOURCE -D_FILE_OFFSET_BITS=64 -D_LARGEFILE_SOURCE -Wstrict-prototypes -Wredundant-decls -Wall -Wundef -Wwrite-strings -Wmissing-prototypes -fno-strict-aliasing -fno-common -DSTM32_UART_ENABLE_OVERRUN -DSTM32_UART_NO_BAUD_DELAY -DDEBUG_STM32_UART -DDEBUG_STM32_RCC -DDEBUG_CLKTREE -Wendif-labels -Wmissing-include-dirs -Wempty-body -Wnested-externs -Wformat-security -Wformat-y2k -Winit-self -Wignored-qualifiers -Wold-style-declaration -Wold-style-definition -Wtype-limits -fstack-protector-strong -o config-temp/qemu-conf.exe config-temp/qemu-conf.c -Wl,-z,relro -Wl,-z,now -pie -m64 -g -lsasl2
config-temp/qemu-conf.c:1:10: fatal error: sasl/sasl.h: Aucun fichier ou dossier de ce type
 #include <sasl/sasl.h>
          ^~~~~~~~~~~~~
compilation terminated.
cc -fPIE -DPIE -m64 -D_GNU_SOURCE -D_FILE_OFFSET_BITS=64 -D_LARGEFILE_SOURCE -Wstrict-prototypes -Wredundant-decls -Wall -Wundef -Wwrite-strings -Wmissing-prototypes -fno-strict-aliasing -fno-common -DSTM32_UART_ENABLE_OVERRUN -DSTM32_UART_NO_BAUD_DELAY -DDEBUG_STM32_UART -DDEBUG_STM32_RCC -DDEBUG_CLKTREE -Wendif-labels -Wmissing-include-dirs -Wempty-body -Wnested-externs -Wformat-security -Wformat-y2k -Winit-self -Wignored-qualifiers -Wold-style-declaration -Wold-style-definition -Wtype-limits -fstack-protector-strong -o config-temp/qemu-conf.exe config-temp/qemu-conf.c -Wl,-z,relro -Wl,-z,now -pie -m64 -g -ljpeg
config-temp/qemu-conf.c:2:10: fatal error: jpeglib.h: Aucun fichier ou dossier de ce type
 #include <jpeglib.h>
          ^~~~~~~~~~~
compilation terminated.
cc -fPIE -DPIE -m64 -D_GNU_SOURCE -D_FILE_OFFSET_BITS=64 -D_LARGEFILE_SOURCE -Wstrict-prototypes -Wredundant-decls -Wall -Wundef -Wwrite-strings -Wmissing-prototypes -fno-strict-aliasing -fno-common -DSTM32_UART_ENABLE_OVERRUN -DSTM32_UART_NO_BAUD_DELAY -DDEBUG_STM32_UART -DDEBUG_STM32_RCC -DDEBUG_CLKTREE -Wendif-labels -Wmissing-include-dirs -Wempty-body -Wnested-externs -Wformat-security -Wformat-y2k -Winit-self -Wignored-qualifiers -Wold-style-declaration -Wold-style-definition -Wtype-limits -fstack-protector-strong -I/usr/include/libpng16 -o config-temp/qemu-conf.exe config-temp/qemu-conf.c -Wl,-z,relro -Wl,-z,now -pie -m64 -g -lpng16 -lz
cc -fPIE -DPIE -m64 -D_GNU_SOURCE -D_FILE_OFFSET_BITS=64 -D_LARGEFILE_SOURCE -Wstrict-prototypes -Wredundant-decls -Wall -Wundef -Wwrite-strings -Wmissing-prototypes -fno-strict-aliasing -fno-common -DSTM32_UART_ENABLE_OVERRUN -DSTM32_UART_NO_BAUD_DELAY -DDEBUG_STM32_UART -DDEBUG_STM32_RCC -DDEBUG_CLKTREE -Wendif-labels -Wmissing-include-dirs -Wempty-body -Wnested-externs -Wformat-security -Wformat-y2k -Winit-self -Wignored-qualifiers -Wold-style-declaration -Wold-style-definition -Wtype-limits -fstack-protector-strong -I/usr/include/libpng16 -o config-temp/qemu-conf.exe config-temp/qemu-conf.c -Wl,-z,relro -Wl,-z,now -pie -m64 -g
cc -fPIE -DPIE -m64 -D_GNU_SOURCE -D_FILE_OFFSET_BITS=64 -D_LARGEFILE_SOURCE -Wstrict-prototypes -Wredundant-decls -Wall -Wundef -Wwrite-strings -Wmissing-prototypes -fno-strict-aliasing -fno-common -DSTM32_UART_ENABLE_OVERRUN -DSTM32_UART_NO_BAUD_DELAY -DDEBUG_STM32_UART -DDEBUG_STM32_RCC -DDEBUG_CLKTREE -Wendif-labels -Wmissing-include-dirs -Wempty-body -Wnested-externs -Wformat-security -Wformat-y2k -Winit-self -Wignored-qualifiers -Wold-style-declaration -Wold-style-definition -Wtype-limits -fstack-protector-strong -I/usr/include/libpng16 -o config-temp/qemu-conf.exe config-temp/qemu-conf.c -Wl,-z,relro -Wl,-z,now -pie -m64 -g
/usr/bin/ld : /tmp/ccwOWNUe.o : dans la fonction « main » :
/home/ubuntu/Workspace/Beckus/qemu_stm32/config-temp/qemu-conf.c:5 : référence indéfinie vers « uuid_generate »
collect2: error: ld returned 1 exit status
cc -fPIE -DPIE -m64 -D_GNU_SOURCE -D_FILE_OFFSET_BITS=64 -D_LARGEFILE_SOURCE -Wstrict-prototypes -Wredundant-decls -Wall -Wundef -Wwrite-strings -Wmissing-prototypes -fno-strict-aliasing -fno-common -DSTM32_UART_ENABLE_OVERRUN -DSTM32_UART_NO_BAUD_DELAY -DDEBUG_STM32_UART -DDEBUG_STM32_RCC -DDEBUG_CLKTREE -Wendif-labels -Wmissing-include-dirs -Wempty-body -Wnested-externs -Wformat-security -Wformat-y2k -Winit-self -Wignored-qualifiers -Wold-style-declaration -Wold-style-definition -Wtype-limits -fstack-protector-strong -I/usr/include/libpng16 -o config-temp/qemu-conf.exe config-temp/qemu-conf.c -Wl,-z,relro -Wl,-z,now -pie -m64 -g -luuid
cc -fPIE -DPIE -m64 -D_GNU_SOURCE -D_FILE_OFFSET_BITS=64 -D_LARGEFILE_SOURCE -Wstrict-prototypes -Wredundant-decls -Wall -Wundef -Wwrite-strings -Wmissing-prototypes -fno-strict-aliasing -fno-common -DSTM32_UART_ENABLE_OVERRUN -DSTM32_UART_NO_BAUD_DELAY -DDEBUG_STM32_UART -DDEBUG_STM32_RCC -DDEBUG_CLKTREE -Wendif-labels -Wmissing-include-dirs -Wempty-body -Wnested-externs -Wformat-security -Wformat-y2k -Winit-self -Wignored-qualifiers -Wold-style-declaration -Wold-style-definition -Wtype-limits -fstack-protector-strong -I/usr/include/libpng16 -o config-temp/qemu-conf.exe config-temp/qemu-conf.c -Wl,-z,relro -Wl,-z,now -pie -m64 -g
config-temp/qemu-conf.c:2:10: fatal error: xfs/xfs.h: Aucun fichier ou dossier de ce type
 #include <xfs/xfs.h>
          ^~~~~~~~~~~
compilation terminated.
cc -fPIE -DPIE -m64 -D_GNU_SOURCE -D_FILE_OFFSET_BITS=64 -D_LARGEFILE_SOURCE -Wstrict-prototypes -Wredundant-decls -Wall -Wundef -Wwrite-strings -Wmissing-prototypes -fno-strict-aliasing -fno-common -DSTM32_UART_ENABLE_OVERRUN -DSTM32_UART_NO_BAUD_DELAY -DDEBUG_STM32_UART -DDEBUG_STM32_RCC -DDEBUG_CLKTREE -Wendif-labels -Wmissing-include-dirs -Wempty-body -Wnested-externs -Wformat-security -Wformat-y2k -Winit-self -Wignored-qualifiers -Wold-style-declaration -Wold-style-definition -Wtype-limits -fstack-protector-strong -I/usr/include/libpng16 -o config-temp/qemu-conf.exe config-temp/qemu-conf.c -Wl,-z,relro -Wl,-z,now -pie -m64 -g -lvdeplug
config-temp/qemu-conf.c:1:10: fatal error: libvdeplug.h: Aucun fichier ou dossier de ce type
 #include <libvdeplug.h>
          ^~~~~~~~~~~~~~
compilation terminated.
cc -fPIE -DPIE -m64 -D_GNU_SOURCE -D_FILE_OFFSET_BITS=64 -D_LARGEFILE_SOURCE -Wstrict-prototypes -Wredundant-decls -Wall -Wundef -Wwrite-strings -Wmissing-prototypes -fno-strict-aliasing -fno-common -DSTM32_UART_ENABLE_OVERRUN -DSTM32_UART_NO_BAUD_DELAY -DDEBUG_STM32_UART -DDEBUG_STM32_RCC -DDEBUG_CLKTREE -Wendif-labels -Wmissing-include-dirs -Wempty-body -Wnested-externs -Wformat-security -Wformat-y2k -Winit-self -Wignored-qualifiers -Wold-style-declaration -Wold-style-definition -Wtype-limits -fstack-protector-strong -I/usr/include/libpng16 -o config-temp/qemu-conf.exe config-temp/qemu-conf.c -Wl,-z,relro -Wl,-z,now -pie -m64 -g -lcap-ng
config-temp/qemu-conf.c:1:10: fatal error: cap-ng.h: Aucun fichier ou dossier de ce type
 #include <cap-ng.h>
          ^~~~~~~~~~
compilation terminated.
cc -fPIE -DPIE -m64 -D_GNU_SOURCE -D_FILE_OFFSET_BITS=64 -D_LARGEFILE_SOURCE -Wstrict-prototypes -Wredundant-decls -Wall -Wundef -Wwrite-strings -Wmissing-prototypes -fno-strict-aliasing -fno-common -DSTM32_UART_ENABLE_OVERRUN -DSTM32_UART_NO_BAUD_DELAY -DDEBUG_STM32_UART -DDEBUG_STM32_RCC -DDEBUG_CLKTREE -Wendif-labels -Wmissing-include-dirs -Wempty-body -Wnested-externs -Wformat-security -Wformat-y2k -Winit-self -Wignored-qualifiers -Wold-style-declaration -Wold-style-definition -Wtype-limits -fstack-protector-strong -I/usr/include/libpng16 -o config-temp/qemu-conf.exe config-temp/qemu-conf.c -Wl,-z,relro -Wl,-z,now -pie -m64 -g -lbrlapi
config-temp/qemu-conf.c:1:10: fatal error: brlapi.h: Aucun fichier ou dossier de ce type
 #include <brlapi.h>
          ^~~~~~~~~~
compilation terminated.
cc -fPIE -DPIE -m64 -D_GNU_SOURCE -D_FILE_OFFSET_BITS=64 -D_LARGEFILE_SOURCE -Wstrict-prototypes -Wredundant-decls -Wall -Wundef -Wwrite-strings -Wmissing-prototypes -fno-strict-aliasing -fno-common -DSTM32_UART_ENABLE_OVERRUN -DSTM32_UART_NO_BAUD_DELAY -DDEBUG_STM32_UART -DDEBUG_STM32_RCC -DDEBUG_CLKTREE -Wendif-labels -Wmissing-include-dirs -Wempty-body -Wnested-externs -Wformat-security -Wformat-y2k -Winit-self -Wignored-qualifiers -Wold-style-declaration -Wold-style-definition -Wtype-limits -fstack-protector-strong -I/usr/include/libpng16 -o config-temp/qemu-conf.exe config-temp/qemu-conf.c -Wl,-z,relro -Wl,-z,now -pie -m64 -g -lncurses -ltinfo
cc -fPIE -DPIE -m64 -D_GNU_SOURCE -D_FILE_OFFSET_BITS=64 -D_LARGEFILE_SOURCE -Wstrict-prototypes -Wredundant-decls -Wall -Wundef -Wwrite-strings -Wmissing-prototypes -fno-strict-aliasing -fno-common -DSTM32_UART_ENABLE_OVERRUN -DSTM32_UART_NO_BAUD_DELAY -DDEBUG_STM32_UART -DDEBUG_STM32_RCC -DDEBUG_CLKTREE -Wendif-labels -Wmissing-include-dirs -Wempty-body -Wnested-externs -Wformat-security -Wformat-y2k -Winit-self -Wignored-qualifiers -Wold-style-declaration -Wold-style-definition -Wtype-limits -fstack-protector-strong -I/usr/include/libpng16 -o config-temp/qemu-conf.exe config-temp/qemu-conf.c -Wl,-z,relro -Wl,-z,now -pie -m64 -g
config-temp/qemu-conf.c:1:10: fatal error: curl/curl.h: Aucun fichier ou dossier de ce type
 #include <curl/curl.h>
          ^~~~~~~~~~~~~
compilation terminated.
cc -fPIE -DPIE -m64 -D_GNU_SOURCE -D_FILE_OFFSET_BITS=64 -D_LARGEFILE_SOURCE -Wstrict-prototypes -Wredundant-decls -Wall -Wundef -Wwrite-strings -Wmissing-prototypes -fno-strict-aliasing -fno-common -DSTM32_UART_ENABLE_OVERRUN -DSTM32_UART_NO_BAUD_DELAY -DDEBUG_STM32_UART -DDEBUG_STM32_RCC -DDEBUG_CLKTREE -Wendif-labels -Wmissing-include-dirs -Wempty-body -Wnested-externs -Wformat-security -Wformat-y2k -Winit-self -Wignored-qualifiers -Wold-style-declaration -Wold-style-definition -Wtype-limits -fstack-protector-strong -I/usr/include/libpng16 -o config-temp/qemu-conf.exe config-temp/qemu-conf.c -Wl,-z,relro -Wl,-z,now -pie -m64 -g
config-temp/qemu-conf.c:1:10: fatal error: bluetooth/bluetooth.h: Aucun fichier ou dossier de ce type
 #include <bluetooth/bluetooth.h>
          ^~~~~~~~~~~~~~~~~~~~~~~
compilation terminated.
cc -fPIE -DPIE -m64 -D_GNU_SOURCE -D_FILE_OFFSET_BITS=64 -D_LARGEFILE_SOURCE -Wstrict-prototypes -Wredundant-decls -Wall -Wundef -Wwrite-strings -Wmissing-prototypes -fno-strict-aliasing -fno-common -DSTM32_UART_ENABLE_OVERRUN -DSTM32_UART_NO_BAUD_DELAY -DDEBUG_STM32_UART -DDEBUG_STM32_RCC -DDEBUG_CLKTREE -Wendif-labels -Wmissing-include-dirs -Wempty-body -Wnested-externs -Wformat-security -Wformat-y2k -Winit-self -Wignored-qualifiers -Wold-style-declaration -Wold-style-definition -Wtype-limits -fstack-protector-strong -I/usr/include/libpng16 -o config-temp/qemu-conf.exe config-temp/qemu-conf.c -Wl,-z,relro -Wl,-z,now -pie -m64 -g -lcap
config-temp/qemu-conf.c:2:10: fatal error: sys/capability.h: Aucun fichier ou dossier de ce type
 #include <sys/capability.h>
          ^~~~~~~~~~~~~~~~~~
compilation terminated.
cc -fPIE -DPIE -m64 -D_GNU_SOURCE -D_FILE_OFFSET_BITS=64 -D_LARGEFILE_SOURCE -Wstrict-prototypes -Wredundant-decls -Wall -Wundef -Wwrite-strings -Wmissing-prototypes -fno-strict-aliasing -fno-common -DSTM32_UART_ENABLE_OVERRUN -DSTM32_UART_NO_BAUD_DELAY -DDEBUG_STM32_UART -DDEBUG_STM32_RCC -DDEBUG_CLKTREE -Wendif-labels -Wmissing-include-dirs -Wempty-body -Wnested-externs -Wformat-security -Wformat-y2k -Winit-self -Wignored-qualifiers -Wold-style-declaration -Wold-style-definition -Wtype-limits -fstack-protector-strong -I/usr/include/libpng16 -o config-temp/qemu-conf.exe config-temp/qemu-conf.c -Wl,-z,relro -Wl,-z,now -pie -m64 -g
/usr/bin/ld : /tmp/cc2yvfPE.o : dans la fonction « main » :
/home/ubuntu/Workspace/Beckus/qemu_stm32/config-temp/qemu-conf.c:5 : référence indéfinie vers « pthread_create »
collect2: error: ld returned 1 exit status
cc -fPIE -DPIE -m64 -D_GNU_SOURCE -D_FILE_OFFSET_BITS=64 -D_LARGEFILE_SOURCE -Wstrict-prototypes -Wredundant-decls -Wall -Wundef -Wwrite-strings -Wmissing-prototypes -fno-strict-aliasing -fno-common -DSTM32_UART_ENABLE_OVERRUN -DSTM32_UART_NO_BAUD_DELAY -DDEBUG_STM32_UART -DDEBUG_STM32_RCC -DDEBUG_CLKTREE -Wendif-labels -Wmissing-include-dirs -Wempty-body -Wnested-externs -Wformat-security -Wformat-y2k -Winit-self -Wignored-qualifiers -Wold-style-declaration -Wold-style-definition -Wtype-limits -fstack-protector-strong -I/usr/include/libpng16 -o config-temp/qemu-conf.exe config-temp/qemu-conf.c -Wl,-z,relro -Wl,-z,now -pie -m64 -g -pthread
cc -fPIE -DPIE -m64 -D_GNU_SOURCE -D_FILE_OFFSET_BITS=64 -D_LARGEFILE_SOURCE -Wstrict-prototypes -Wredundant-decls -Wall -Wundef -Wwrite-strings -Wmissing-prototypes -fno-strict-aliasing -fno-common -DSTM32_UART_ENABLE_OVERRUN -DSTM32_UART_NO_BAUD_DELAY -DDEBUG_STM32_UART -DDEBUG_STM32_RCC -DDEBUG_CLKTREE -Wendif-labels -Wmissing-include-dirs -Wempty-body -Wnested-externs -Wformat-security -Wformat-y2k -Winit-self -Wignored-qualifiers -Wold-style-declaration -Wold-style-definition -Wtype-limits -fstack-protector-strong -I/usr/include/libpng16 -o config-temp/qemu-conf.exe config-temp/qemu-conf.c -Wl,-z,relro -Wl,-z,now -pie -m64 -g -pthread
cc -fPIE -DPIE -m64 -D_GNU_SOURCE -D_FILE_OFFSET_BITS=64 -D_LARGEFILE_SOURCE -Wstrict-prototypes -Wredundant-decls -Wall -Wundef -Wwrite-strings -Wmissing-prototypes -fno-strict-aliasing -fno-common -DSTM32_UART_ENABLE_OVERRUN -DSTM32_UART_NO_BAUD_DELAY -DDEBUG_STM32_UART -DDEBUG_STM32_RCC -DDEBUG_CLKTREE -Wendif-labels -Wmissing-include-dirs -Wempty-body -Wnested-externs -Wformat-security -Wformat-y2k -Winit-self -Wignored-qualifiers -Wold-style-declaration -Wold-style-definition -Wtype-limits -fstack-protector-strong -I/usr/include/libpng16 -o config-temp/qemu-conf.exe config-temp/qemu-conf.c -Wl,-z,relro -Wl,-z,now -pie -m64 -g -lrbd -lrados
config-temp/qemu-conf.c:2:10: fatal error: rbd/librbd.h: Aucun fichier ou dossier de ce type
 #include <rbd/librbd.h>
          ^~~~~~~~~~~~~~
compilation terminated.
cc -fPIE -DPIE -m64 -D_GNU_SOURCE -D_FILE_OFFSET_BITS=64 -D_LARGEFILE_SOURCE -Wstrict-prototypes -Wredundant-decls -Wall -Wundef -Wwrite-strings -Wmissing-prototypes -fno-strict-aliasing -fno-common -DSTM32_UART_ENABLE_OVERRUN -DSTM32_UART_NO_BAUD_DELAY -DDEBUG_STM32_UART -DDEBUG_STM32_RCC -DDEBUG_CLKTREE -Wendif-labels -Wmissing-include-dirs -Wempty-body -Wnested-externs -Wformat-security -Wformat-y2k -Winit-self -Wignored-qualifiers -Wold-style-declaration -Wold-style-definition -Wtype-limits -fstack-protector-strong -I/usr/include/libpng16 -o config-temp/qemu-conf.exe config-temp/qemu-conf.c -Wl,-z,relro -Wl,-z,now -pie -m64 -g -laio
config-temp/qemu-conf.c:1:10: fatal error: libaio.h: Aucun fichier ou dossier de ce type
 #include <libaio.h>
          ^~~~~~~~~~
compilation terminated.
cc -fPIE -DPIE -m64 -D_GNU_SOURCE -D_FILE_OFFSET_BITS=64 -D_LARGEFILE_SOURCE -Wstrict-prototypes -Wredundant-decls -Wall -Wundef -Wwrite-strings -Wmissing-prototypes -fno-strict-aliasing -fno-common -DSTM32_UART_ENABLE_OVERRUN -DSTM32_UART_NO_BAUD_DELAY -DDEBUG_STM32_UART -DDEBUG_STM32_RCC -DDEBUG_CLKTREE -Wendif-labels -Wmissing-include-dirs -Wempty-body -Wnested-externs -Wformat-security -Wformat-y2k -Winit-self -Wignored-qualifiers -Wold-style-declaration -Wold-style-definition -Wtype-limits -fstack-protector-strong -I/usr/include/libpng16 -o config-temp/qemu-conf.exe config-temp/qemu-conf.c -Wl,-z,relro -Wl,-z,now -pie -m64 -g
cc -fPIE -DPIE -m64 -D_GNU_SOURCE -D_FILE_OFFSET_BITS=64 -D_LARGEFILE_SOURCE -Wstrict-prototypes -Wredundant-decls -Wall -Wundef -Wwrite-strings -Wmissing-prototypes -fno-strict-aliasing -fno-common -DSTM32_UART_ENABLE_OVERRUN -DSTM32_UART_NO_BAUD_DELAY -DDEBUG_STM32_UART -DDEBUG_STM32_RCC -DDEBUG_CLKTREE -Wendif-labels -Wmissing-include-dirs -Wempty-body -Wnested-externs -Wformat-security -Wformat-y2k -Winit-self -Wignored-qualifiers -Wold-style-declaration -Wold-style-definition -Wtype-limits -fstack-protector-strong -I/usr/include/libpng16 -o config-temp/qemu-conf.exe config-temp/qemu-conf.c -Wl,-z,relro -Wl,-z,now -pie -m64 -g
cc -fPIE -DPIE -m64 -D_GNU_SOURCE -D_FILE_OFFSET_BITS=64 -D_LARGEFILE_SOURCE -Wstrict-prototypes -Wredundant-decls -Wall -Wundef -Wwrite-strings -Wmissing-prototypes -fno-strict-aliasing -fno-common -DSTM32_UART_ENABLE_OVERRUN -DSTM32_UART_NO_BAUD_DELAY -DDEBUG_STM32_UART -DDEBUG_STM32_RCC -DDEBUG_CLKTREE -Wendif-labels -Wmissing-include-dirs -Wempty-body -Wnested-externs -Wformat-security -Wformat-y2k -Winit-self -Wignored-qualifiers -Wold-style-declaration -Wold-style-definition -Wtype-limits -fstack-protector-strong -I/usr/include/libpng16 -o config-temp/qemu-conf.exe config-temp/qemu-conf.c -Wl,-z,relro -Wl,-z,now -pie -m64 -g
cc -fPIE -DPIE -m64 -D_GNU_SOURCE -D_FILE_OFFSET_BITS=64 -D_LARGEFILE_SOURCE -Wstrict-prototypes -Wredundant-decls -Wall -Wundef -Wwrite-strings -Wmissing-prototypes -fno-strict-aliasing -fno-common -DSTM32_UART_ENABLE_OVERRUN -DSTM32_UART_NO_BAUD_DELAY -DDEBUG_STM32_UART -DDEBUG_STM32_RCC -DDEBUG_CLKTREE -Wendif-labels -Wmissing-include-dirs -Wempty-body -Wnested-externs -Wformat-security -Wformat-y2k -Winit-self -Wignored-qualifiers -Wold-style-declaration -Wold-style-definition -Wtype-limits -fstack-protector-strong -I/usr/include/libpng16 -o config-temp/qemu-conf.exe config-temp/qemu-conf.c -Wl,-z,relro -Wl,-z,now -pie -m64 -g -lfdt
config-temp/qemu-conf.c:1:10: fatal error: libfdt_env.h: Aucun fichier ou dossier de ce type
 #include <libfdt_env.h>
          ^~~~~~~~~~~~~~
compilation terminated.
cc -fPIE -DPIE -m64 -D_GNU_SOURCE -D_FILE_OFFSET_BITS=64 -D_LARGEFILE_SOURCE -Wstrict-prototypes -Wredundant-decls -Wall -Wundef -Wwrite-strings -Wmissing-prototypes -fno-strict-aliasing -fno-common -DSTM32_UART_ENABLE_OVERRUN -DSTM32_UART_NO_BAUD_DELAY -DDEBUG_STM32_UART -DDEBUG_STM32_RCC -DDEBUG_CLKTREE -Wendif-labels -Wmissing-include-dirs -Wempty-body -Wnested-externs -Wformat-security -Wformat-y2k -Winit-self -Wignored-qualifiers -Wold-style-declaration -Wold-style-definition -Wtype-limits -fstack-protector-strong -I/usr/include/libpng16 -o config-temp/qemu-conf.exe config-temp/qemu-conf.c -Wl,-z,relro -Wl,-z,now -pie -m64 -g -lGL -lX11
config-temp/qemu-conf.c:2:10: fatal error: GL/gl.h: Aucun fichier ou dossier de ce type
 #include <GL/gl.h>
          ^~~~~~~~~
compilation terminated.
cc -fPIE -DPIE -m64 -D_GNU_SOURCE -D_FILE_OFFSET_BITS=64 -D_LARGEFILE_SOURCE -Wstrict-prototypes -Wredundant-decls -Wall -Wundef -Wwrite-strings -Wmissing-prototypes -fno-strict-aliasing -fno-common -DSTM32_UART_ENABLE_OVERRUN -DSTM32_UART_NO_BAUD_DELAY -DDEBUG_STM32_UART -DDEBUG_STM32_RCC -DDEBUG_CLKTREE -Wendif-labels -Wmissing-include-dirs -Wempty-body -Wnested-externs -Wformat-security -Wformat-y2k -Winit-self -Wignored-qualifiers -Wold-style-declaration -Wold-style-definition -Wtype-limits -fstack-protector-strong -I/usr/include/libpng16 -o config-temp/qemu-conf.exe config-temp/qemu-conf.c -Wl,-z,relro -Wl,-z,now -pie -m64 -g
cc -fPIE -DPIE -m64 -D_GNU_SOURCE -D_FILE_OFFSET_BITS=64 -D_LARGEFILE_SOURCE -Wstrict-prototypes -Wredundant-decls -Wall -Wundef -Wwrite-strings -Wmissing-prototypes -fno-strict-aliasing -fno-common -DSTM32_UART_ENABLE_OVERRUN -DSTM32_UART_NO_BAUD_DELAY -DDEBUG_STM32_UART -DDEBUG_STM32_RCC -DDEBUG_CLKTREE -Wendif-labels -Wmissing-include-dirs -Wempty-body -Wnested-externs -Wformat-security -Wformat-y2k -Winit-self -Wignored-qualifiers -Wold-style-declaration -Wold-style-definition -Wtype-limits -fstack-protector-strong -I/usr/include/libpng16 -o config-temp/qemu-conf.exe config-temp/qemu-conf.c -Wl,-z,relro -Wl,-z,now -pie -m64 -g
cc -fPIE -DPIE -m64 -D_GNU_SOURCE -D_FILE_OFFSET_BITS=64 -D_LARGEFILE_SOURCE -Wstrict-prototypes -Wredundant-decls -Wall -Wundef -Wwrite-strings -Wmissing-prototypes -fno-strict-aliasing -fno-common -DSTM32_UART_ENABLE_OVERRUN -DSTM32_UART_NO_BAUD_DELAY -DDEBUG_STM32_UART -DDEBUG_STM32_RCC -DDEBUG_CLKTREE -Wendif-labels -Wmissing-include-dirs -Wempty-body -Wnested-externs -Wformat-security -Wformat-y2k -Winit-self -Wignored-qualifiers -Wold-style-declaration -Wold-style-definition -Wtype-limits -fstack-protector-strong -I/usr/include/libpng16 -o config-temp/qemu-conf.exe config-temp/qemu-conf.c -Wl,-z,relro -Wl,-z,now -pie -m64 -g
cc -fPIE -DPIE -m64 -D_GNU_SOURCE -D_FILE_OFFSET_BITS=64 -D_LARGEFILE_SOURCE -Wstrict-prototypes -Wredundant-decls -Wall -Wundef -Wwrite-strings -Wmissing-prototypes -fno-strict-aliasing -fno-common -DSTM32_UART_ENABLE_OVERRUN -DSTM32_UART_NO_BAUD_DELAY -DDEBUG_STM32_UART -DDEBUG_STM32_RCC -DDEBUG_CLKTREE -Wendif-labels -Wmissing-include-dirs -Wempty-body -Wnested-externs -Wformat-security -Wformat-y2k -Winit-self -Wignored-qualifiers -Wold-style-declaration -Wold-style-definition -Wtype-limits -fstack-protector-strong -I/usr/include/libpng16 -o config-temp/qemu-conf.exe config-temp/qemu-conf.c -Wl,-z,relro -Wl,-z,now -pie -m64 -g
cc -fPIE -DPIE -m64 -D_GNU_SOURCE -D_FILE_OFFSET_BITS=64 -D_LARGEFILE_SOURCE -Wstrict-prototypes -Wredundant-decls -Wall -Wundef -Wwrite-strings -Wmissing-prototypes -fno-strict-aliasing -fno-common -DSTM32_UART_ENABLE_OVERRUN -DSTM32_UART_NO_BAUD_DELAY -DDEBUG_STM32_UART -DDEBUG_STM32_RCC -DDEBUG_CLKTREE -Wendif-labels -Wmissing-include-dirs -Wempty-body -Wnested-externs -Wformat-security -Wformat-y2k -Winit-self -Wignored-qualifiers -Wold-style-declaration -Wold-style-definition -Wtype-limits -fstack-protector-strong -I/usr/include/libpng16 -o config-temp/qemu-conf.exe config-temp/qemu-conf.c -Wl,-z,relro -Wl,-z,now -pie -m64 -g
cc -fPIE -DPIE -m64 -D_GNU_SOURCE -D_FILE_OFFSET_BITS=64 -D_LARGEFILE_SOURCE -Wstrict-prototypes -Wredundant-decls -Wall -Wundef -Wwrite-strings -Wmissing-prototypes -fno-strict-aliasing -fno-common -DSTM32_UART_ENABLE_OVERRUN -DSTM32_UART_NO_BAUD_DELAY -DDEBUG_STM32_UART -DDEBUG_STM32_RCC -DDEBUG_CLKTREE -Wendif-labels -Wmissing-include-dirs -Wempty-body -Wnested-externs -Wformat-security -Wformat-y2k -Winit-self -Wignored-qualifiers -Wold-style-declaration -Wold-style-definition -Wtype-limits -fstack-protector-strong -I/usr/include/libpng16 -o config-temp/qemu-conf.exe config-temp/qemu-conf.c -Wl,-z,relro -Wl,-z,now -pie -m64 -g
cc -fPIE -DPIE -m64 -D_GNU_SOURCE -D_FILE_OFFSET_BITS=64 -D_LARGEFILE_SOURCE -Wstrict-prototypes -Wredundant-decls -Wall -Wundef -Wwrite-strings -Wmissing-prototypes -fno-strict-aliasing -fno-common -DSTM32_UART_ENABLE_OVERRUN -DSTM32_UART_NO_BAUD_DELAY -DDEBUG_STM32_UART -DDEBUG_STM32_RCC -DDEBUG_CLKTREE -Wendif-labels -Wmissing-include-dirs -Wempty-body -Wnested-externs -Wformat-security -Wformat-y2k -Winit-self -Wignored-qualifiers -Wold-style-declaration -Wold-style-definition -Wtype-limits -fstack-protector-strong -I/usr/include/libpng16 -o config-temp/qemu-conf.exe config-temp/qemu-conf.c -Wl,-z,relro -Wl,-z,now -pie -m64 -g -lnuma
config-temp/qemu-conf.c:1:10: fatal error: numa.h: Aucun fichier ou dossier de ce type
 #include <numa.h>
          ^~~~~~~~
compilation terminated.
cc -fPIE -DPIE -m64 -D_GNU_SOURCE -D_FILE_OFFSET_BITS=64 -D_LARGEFILE_SOURCE -Wstrict-prototypes -Wredundant-decls -Wall -Wundef -Wwrite-strings -Wmissing-prototypes -fno-strict-aliasing -fno-common -DSTM32_UART_ENABLE_OVERRUN -DSTM32_UART_NO_BAUD_DELAY -DDEBUG_STM32_UART -DDEBUG_STM32_RCC -DDEBUG_CLKTREE -Wendif-labels -Wmissing-include-dirs -Wempty-body -Wnested-externs -Wformat-security -Wformat-y2k -Winit-self -Wignored-qualifiers -Wold-style-declaration -Wold-style-definition -Wtype-limits -fstack-protector-strong -I/usr/include/libpng16 -o config-temp/qemu-conf.exe config-temp/qemu-conf.c -Wl,-z,relro -Wl,-z,now -pie -m64 -g
cc -fPIE -DPIE -m64 -D_GNU_SOURCE -D_FILE_OFFSET_BITS=64 -D_LARGEFILE_SOURCE -Wstrict-prototypes -Wredundant-decls -Wall -Wundef -Wwrite-strings -Wmissing-prototypes -fno-strict-aliasing -fno-common -DSTM32_UART_ENABLE_OVERRUN -DSTM32_UART_NO_BAUD_DELAY -DDEBUG_STM32_UART -DDEBUG_STM32_RCC -DDEBUG_CLKTREE -Wendif-labels -Wmissing-include-dirs -Wempty-body -Wnested-externs -Wformat-security -Wformat-y2k -Winit-self -Wignored-qualifiers -Wold-style-declaration -Wold-style-definition -Wtype-limits -fstack-protector-strong -I/usr/include/libpng16 -o config-temp/qemu-conf.exe config-temp/qemu-conf.c -Wl,-z,relro -Wl,-z,now -pie -m64 -g
cc -fPIE -DPIE -m64 -D_GNU_SOURCE -D_FILE_OFFSET_BITS=64 -D_LARGEFILE_SOURCE -Wstrict-prototypes -Wredundant-decls -Wall -Wundef -Wwrite-strings -Wmissing-prototypes -fno-strict-aliasing -fno-common -DSTM32_UART_ENABLE_OVERRUN -DSTM32_UART_NO_BAUD_DELAY -DDEBUG_STM32_UART -DDEBUG_STM32_RCC -DDEBUG_CLKTREE -Wendif-labels -Wmissing-include-dirs -Wempty-body -Wnested-externs -Wformat-security -Wformat-y2k -Winit-self -Wignored-qualifiers -Wold-style-declaration -Wold-style-definition -Wtype-limits -fstack-protector-strong -I/usr/include/libpng16 -o config-temp/qemu-conf.exe config-temp/qemu-conf.c -Wl,-z,relro -Wl,-z,now -pie -m64 -g
cc -fPIE -DPIE -m64 -D_GNU_SOURCE -D_FILE_OFFSET_BITS=64 -D_LARGEFILE_SOURCE -Wstrict-prototypes -Wredundant-decls -Wall -Wundef -Wwrite-strings -Wmissing-prototypes -fno-strict-aliasing -fno-common -DSTM32_UART_ENABLE_OVERRUN -DSTM32_UART_NO_BAUD_DELAY -DDEBUG_STM32_UART -DDEBUG_STM32_RCC -DDEBUG_CLKTREE -Wendif-labels -Wmissing-include-dirs -Wempty-body -Wnested-externs -Wformat-security -Wformat-y2k -Winit-self -Wignored-qualifiers -Wold-style-declaration -Wold-style-definition -Wtype-limits -fstack-protector-strong -I/usr/include/libpng16 -o config-temp/qemu-conf.exe config-temp/qemu-conf.c -Wl,-z,relro -Wl,-z,now -pie -m64 -g
cc -fPIE -DPIE -m64 -D_GNU_SOURCE -D_FILE_OFFSET_BITS=64 -D_LARGEFILE_SOURCE -Wstrict-prototypes -Wredundant-decls -Wall -Wundef -Wwrite-strings -Wmissing-prototypes -fno-strict-aliasing -fno-common -DSTM32_UART_ENABLE_OVERRUN -DSTM32_UART_NO_BAUD_DELAY -DDEBUG_STM32_UART -DDEBUG_STM32_RCC -DDEBUG_CLKTREE -Wendif-labels -Wmissing-include-dirs -Wempty-body -Wnested-externs -Wformat-security -Wformat-y2k -Winit-self -Wignored-qualifiers -Wold-style-declaration -Wold-style-definition -Wtype-limits -fstack-protector-strong -I/usr/include/libpng16 -o config-temp/qemu-conf.exe config-temp/qemu-conf.c -Wl,-z,relro -Wl,-z,now -pie -m64 -g
cc -fPIE -DPIE -m64 -D_GNU_SOURCE -D_FILE_OFFSET_BITS=64 -D_LARGEFILE_SOURCE -Wstrict-prototypes -Wredundant-decls -Wall -Wundef -Wwrite-strings -Wmissing-prototypes -fno-strict-aliasing -fno-common -DSTM32_UART_ENABLE_OVERRUN -DSTM32_UART_NO_BAUD_DELAY -DDEBUG_STM32_UART -DDEBUG_STM32_RCC -DDEBUG_CLKTREE -Wendif-labels -Wmissing-include-dirs -Wempty-body -Wnested-externs -Wformat-security -Wformat-y2k -Winit-self -Wignored-qualifiers -Wold-style-declaration -Wold-style-definition -Wtype-limits -fstack-protector-strong -I/usr/include/libpng16 -o config-temp/qemu-conf.exe config-temp/qemu-conf.c -Wl,-z,relro -Wl,-z,now -pie -m64 -g
cc -fPIE -DPIE -m64 -D_GNU_SOURCE -D_FILE_OFFSET_BITS=64 -D_LARGEFILE_SOURCE -Wstrict-prototypes -Wredundant-decls -Wall -Wundef -Wwrite-strings -Wmissing-prototypes -fno-strict-aliasing -fno-common -DSTM32_UART_ENABLE_OVERRUN -DSTM32_UART_NO_BAUD_DELAY -DDEBUG_STM32_UART -DDEBUG_STM32_RCC -DDEBUG_CLKTREE -Wendif-labels -Wmissing-include-dirs -Wempty-body -Wnested-externs -Wformat-security -Wformat-y2k -Winit-self -Wignored-qualifiers -Wold-style-declaration -Wold-style-definition -Wtype-limits -fstack-protector-strong -I/usr/include/libpng16 -o config-temp/qemu-conf.exe config-temp/qemu-conf.c -Wl,-z,relro -Wl,-z,now -pie -m64 -g
cc -fPIE -DPIE -m64 -D_GNU_SOURCE -D_FILE_OFFSET_BITS=64 -D_LARGEFILE_SOURCE -Wstrict-prototypes -Wredundant-decls -Wall -Wundef -Wwrite-strings -Wmissing-prototypes -fno-strict-aliasing -fno-common -DSTM32_UART_ENABLE_OVERRUN -DSTM32_UART_NO_BAUD_DELAY -DDEBUG_STM32_UART -DDEBUG_STM32_RCC -DDEBUG_CLKTREE -Wendif-labels -Wmissing-include-dirs -Wempty-body -Wnested-externs -Wformat-security -Wformat-y2k -Winit-self -Wignored-qualifiers -Wold-style-declaration -Wold-style-definition -Wtype-limits -fstack-protector-strong -I/usr/include/libpng16 -o config-temp/qemu-conf.exe config-temp/qemu-conf.c -Wl,-z,relro -Wl,-z,now -pie -m64 -g
cc -fPIE -DPIE -m64 -D_GNU_SOURCE -D_FILE_OFFSET_BITS=64 -D_LARGEFILE_SOURCE -Wstrict-prototypes -Wredundant-decls -Wall -Wundef -Wwrite-strings -Wmissing-prototypes -fno-strict-aliasing -fno-common -DSTM32_UART_ENABLE_OVERRUN -DSTM32_UART_NO_BAUD_DELAY -DDEBUG_STM32_UART -DDEBUG_STM32_RCC -DDEBUG_CLKTREE -Wendif-labels -Wmissing-include-dirs -Wempty-body -Wnested-externs -Wformat-security -Wformat-y2k -Winit-self -Wignored-qualifiers -Wold-style-declaration -Wold-style-definition -Wtype-limits -fstack-protector-strong -I/usr/include/libpng16 -o config-temp/qemu-conf.exe config-temp/qemu-conf.c -Wl,-z,relro -Wl,-z,now -pie -m64 -g
cc -fPIE -DPIE -m64 -D_GNU_SOURCE -D_FILE_OFFSET_BITS=64 -D_LARGEFILE_SOURCE -Wstrict-prototypes -Wredundant-decls -Wall -Wundef -Wwrite-strings -Wmissing-prototypes -fno-strict-aliasing -fno-common -DSTM32_UART_ENABLE_OVERRUN -DSTM32_UART_NO_BAUD_DELAY -DDEBUG_STM32_UART -DDEBUG_STM32_RCC -DDEBUG_CLKTREE -Wendif-labels -Wmissing-include-dirs -Wempty-body -Wnested-externs -Wformat-security -Wformat-y2k -Winit-self -Wignored-qualifiers -Wold-style-declaration -Wold-style-definition -Wtype-limits -fstack-protector-strong -I/usr/include/libpng16 -o config-temp/qemu-conf.exe config-temp/qemu-conf.c -Wl,-z,relro -Wl,-z,now -pie -m64 -g
cc -fPIE -DPIE -m64 -D_GNU_SOURCE -D_FILE_OFFSET_BITS=64 -D_LARGEFILE_SOURCE -Wstrict-prototypes -Wredundant-decls -Wall -Wundef -Wwrite-strings -Wmissing-prototypes -fno-strict-aliasing -fno-common -DSTM32_UART_ENABLE_OVERRUN -DSTM32_UART_NO_BAUD_DELAY -DDEBUG_STM32_UART -DDEBUG_STM32_RCC -DDEBUG_CLKTREE -Wendif-labels -Wmissing-include-dirs -Wempty-body -Wnested-externs -Wformat-security -Wformat-y2k -Winit-self -Wignored-qualifiers -Wold-style-declaration -Wold-style-definition -Wtype-limits -fstack-protector-strong -I/usr/include/libpng16 -o config-temp/qemu-conf.exe config-temp/qemu-conf.c -Wl,-z,relro -Wl,-z,now -pie -m64 -g
cc -fPIE -DPIE -m64 -D_GNU_SOURCE -D_FILE_OFFSET_BITS=64 -D_LARGEFILE_SOURCE -Wstrict-prototypes -Wredundant-decls -Wall -Wundef -Wwrite-strings -Wmissing-prototypes -fno-strict-aliasing -fno-common -DSTM32_UART_ENABLE_OVERRUN -DSTM32_UART_NO_BAUD_DELAY -DDEBUG_STM32_UART -DDEBUG_STM32_RCC -DDEBUG_CLKTREE -Wendif-labels -Wmissing-include-dirs -Wempty-body -Wnested-externs -Wformat-security -Wformat-y2k -Winit-self -Wignored-qualifiers -Wold-style-declaration -Wold-style-definition -Wtype-limits -fstack-protector-strong -I/usr/include/libpng16 -o config-temp/qemu-conf.exe config-temp/qemu-conf.c -Wl,-z,relro -Wl,-z,now -pie -m64 -g
cc -fPIE -DPIE -m64 -D_GNU_SOURCE -D_FILE_OFFSET_BITS=64 -D_LARGEFILE_SOURCE -Wstrict-prototypes -Wredundant-decls -Wall -Wundef -Wwrite-strings -Wmissing-prototypes -fno-strict-aliasing -fno-common -DSTM32_UART_ENABLE_OVERRUN -DSTM32_UART_NO_BAUD_DELAY -DDEBUG_STM32_UART -DDEBUG_STM32_RCC -DDEBUG_CLKTREE -Wendif-labels -Wmissing-include-dirs -Wempty-body -Wnested-externs -Wformat-security -Wformat-y2k -Winit-self -Wignored-qualifiers -Wold-style-declaration -Wold-style-definition -Wtype-limits -fstack-protector-strong -I/usr/include/libpng16 -o config-temp/qemu-conf.exe config-temp/qemu-conf.c -Wl,-z,relro -Wl,-z,now -pie -m64 -g
cc -fPIE -DPIE -m64 -D_GNU_SOURCE -D_FILE_OFFSET_BITS=64 -D_LARGEFILE_SOURCE -Wstrict-prototypes -Wredundant-decls -Wall -Wundef -Wwrite-strings -Wmissing-prototypes -fno-strict-aliasing -fno-common -DSTM32_UART_ENABLE_OVERRUN -DSTM32_UART_NO_BAUD_DELAY -DDEBUG_STM32_UART -DDEBUG_STM32_RCC -DDEBUG_CLKTREE -Wendif-labels -Wmissing-include-dirs -Wempty-body -Wnested-externs -Wformat-security -Wformat-y2k -Winit-self -Wignored-qualifiers -Wold-style-declaration -Wold-style-definition -Wtype-limits -fstack-protector-strong -I/usr/include/libpng16 -o config-temp/qemu-conf.exe config-temp/qemu-conf.c -Wl,-z,relro -Wl,-z,now -pie -m64 -g
cc -fPIE -DPIE -m64 -D_GNU_SOURCE -D_FILE_OFFSET_BITS=64 -D_LARGEFILE_SOURCE -Wstrict-prototypes -Wredundant-decls -Wall -Wundef -Wwrite-strings -Wmissing-prototypes -fno-strict-aliasing -fno-common -DSTM32_UART_ENABLE_OVERRUN -DSTM32_UART_NO_BAUD_DELAY -DDEBUG_STM32_UART -DDEBUG_STM32_RCC -DDEBUG_CLKTREE -Wendif-labels -Wmissing-include-dirs -Wempty-body -Wnested-externs -Wformat-security -Wformat-y2k -Winit-self -Wignored-qualifiers -Wold-style-declaration -Wold-style-definition -Wtype-limits -fstack-protector-strong -I/usr/include/libpng16 -o config-temp/qemu-conf.exe config-temp/qemu-conf.c -Wl,-z,relro -Wl,-z,now -pie -m64 -g
config-temp/qemu-conf.c:1:10: fatal error: sys/endian.h: Aucun fichier ou dossier de ce type
 #include <sys/endian.h>
          ^~~~~~~~~~~~~~
compilation terminated.
cc -fPIE -DPIE -m64 -D_GNU_SOURCE -D_FILE_OFFSET_BITS=64 -D_LARGEFILE_SOURCE -Wstrict-prototypes -Wredundant-decls -Wall -Wundef -Wwrite-strings -Wmissing-prototypes -fno-strict-aliasing -fno-common -DSTM32_UART_ENABLE_OVERRUN -DSTM32_UART_NO_BAUD_DELAY -DDEBUG_STM32_UART -DDEBUG_STM32_RCC -DDEBUG_CLKTREE -Wendif-labels -Wmissing-include-dirs -Wempty-body -Wnested-externs -Wformat-security -Wformat-y2k -Winit-self -Wignored-qualifiers -Wold-style-declaration -Wold-style-definition -Wtype-limits -fstack-protector-strong -I/usr/include/libpng16 -o config-temp/qemu-conf.exe config-temp/qemu-conf.c -Wl,-z,relro -Wl,-z,now -pie -m64 -g
/usr/bin/ld : /tmp/ccUze6MA.o : dans la fonction « main » :
/home/ubuntu/Workspace/Beckus/qemu_stm32/config-temp/qemu-conf.c:2 : référence indéfinie vers « sin »
collect2: error: ld returned 1 exit status
cc -fPIE -DPIE -m64 -D_GNU_SOURCE -D_FILE_OFFSET_BITS=64 -D_LARGEFILE_SOURCE -Wstrict-prototypes -Wredundant-decls -Wall -Wundef -Wwrite-strings -Wmissing-prototypes -fno-strict-aliasing -fno-common -DSTM32_UART_ENABLE_OVERRUN -DSTM32_UART_NO_BAUD_DELAY -DDEBUG_STM32_UART -DDEBUG_STM32_RCC -DDEBUG_CLKTREE -Wendif-labels -Wmissing-include-dirs -Wempty-body -Wnested-externs -Wformat-security -Wformat-y2k -Winit-self -Wignored-qualifiers -Wold-style-declaration -Wold-style-definition -Wtype-limits -fstack-protector-strong -I/usr/include/libpng16 -o config-temp/qemu-conf.exe config-temp/qemu-conf.c -Wl,-z,relro -Wl,-z,now -pie -m64 -g -lm
cc -fPIE -DPIE -m64 -D_GNU_SOURCE -D_FILE_OFFSET_BITS=64 -D_LARGEFILE_SOURCE -Wstrict-prototypes -Wredundant-decls -Wall -Wundef -Wwrite-strings -Wmissing-prototypes -fno-strict-aliasing -fno-common -DSTM32_UART_ENABLE_OVERRUN -DSTM32_UART_NO_BAUD_DELAY -DDEBUG_STM32_UART -DDEBUG_STM32_RCC -DDEBUG_CLKTREE -Wendif-labels -Wmissing-include-dirs -Wempty-body -Wnested-externs -Wformat-security -Wformat-y2k -Winit-self -Wignored-qualifiers -Wold-style-declaration -Wold-style-definition -Wtype-limits -fstack-protector-strong -I/usr/include/libpng16 -o config-temp/qemu-conf.exe config-temp/qemu-conf.c -Wl,-z,relro -Wl,-z,now -pie -m64 -g
/usr/bin/ld : /tmp/ccpT5FkS.o : dans la fonction « main » :
/home/ubuntu/Workspace/Beckus/qemu_stm32/config-temp/qemu-conf.c:4 : référence indéfinie vers « timer_create »
collect2: error: ld returned 1 exit status
cc -fPIE -DPIE -m64 -D_GNU_SOURCE -D_FILE_OFFSET_BITS=64 -D_LARGEFILE_SOURCE -Wstrict-prototypes -Wredundant-decls -Wall -Wundef -Wwrite-strings -Wmissing-prototypes -fno-strict-aliasing -fno-common -DSTM32_UART_ENABLE_OVERRUN -DSTM32_UART_NO_BAUD_DELAY -DDEBUG_STM32_UART -DDEBUG_STM32_RCC -DDEBUG_CLKTREE -Wendif-labels -Wmissing-include-dirs -Wempty-body -Wnested-externs -Wformat-security -Wformat-y2k -Winit-self -Wignored-qualifiers -Wold-style-declaration -Wold-style-definition -Wtype-limits -fstack-protector-strong -I/usr/include/libpng16 -o config-temp/qemu-conf.exe config-temp/qemu-conf.c -Wl,-z,relro -Wl,-z,now -pie -m64 -g -pthread -lrt
cc -fPIE -DPIE -m64 -D_GNU_SOURCE -D_FILE_OFFSET_BITS=64 -D_LARGEFILE_SOURCE -Wstrict-prototypes -Wredundant-decls -Wall -Wundef -Wwrite-strings -Wmissing-prototypes -fno-strict-aliasing -fno-common -DSTM32_UART_ENABLE_OVERRUN -DSTM32_UART_NO_BAUD_DELAY -DDEBUG_STM32_UART -DDEBUG_STM32_RCC -DDEBUG_CLKTREE -Wendif-labels -Wmissing-include-dirs -Wempty-body -Wnested-externs -Wformat-security -Wformat-y2k -Winit-self -Wignored-qualifiers -Wold-style-declaration -Wold-style-definition -Wtype-limits -fstack-protector-strong -I/usr/include/libpng16 -o config-temp/qemu-conf.exe config-temp/qemu-conf.c -Wl,-z,relro -Wl,-z,now -pie -m64 -g
cc -fPIE -DPIE -m64 -D_GNU_SOURCE -D_FILE_OFFSET_BITS=64 -D_LARGEFILE_SOURCE -Wstrict-prototypes -Wredundant-decls -Wall -Wundef -Wwrite-strings -Wmissing-prototypes -fno-strict-aliasing -fno-common -DSTM32_UART_ENABLE_OVERRUN -DSTM32_UART_NO_BAUD_DELAY -DDEBUG_STM32_UART -DDEBUG_STM32_RCC -DDEBUG_CLKTREE -Wendif-labels -Wmissing-include-dirs -Wempty-body -Wnested-externs -Wformat-security -Wformat-y2k -Winit-self -Wignored-qualifiers -Wold-style-declaration -Wold-style-definition -Wtype-limits -fstack-protector-strong -I/usr/include/libpng16 -o config-temp/qemu-conf.exe config-temp/qemu-conf.c -Wl,-z,relro -Wl,-z,now -pie -m64 -g
cc -fPIE -DPIE -m64 -D_GNU_SOURCE -D_FILE_OFFSET_BITS=64 -D_LARGEFILE_SOURCE -Wstrict-prototypes -Wredundant-decls -Wall -Wundef -Wwrite-strings -Wmissing-prototypes -fno-strict-aliasing -fno-common -DSTM32_UART_ENABLE_OVERRUN -DSTM32_UART_NO_BAUD_DELAY -DDEBUG_STM32_UART -DDEBUG_STM32_RCC -DDEBUG_CLKTREE -Wendif-labels -Wmissing-include-dirs -Wempty-body -Wnested-externs -Wformat-security -Wformat-y2k -Winit-self -Wignored-qualifiers -Wold-style-declaration -Wold-style-definition -Wtype-limits -fstack-protector-strong -I/usr/include/libpng16 -o config-temp/qemu-conf.exe config-temp/qemu-conf.c -Wl,-z,relro -Wl,-z,now -pie -m64 -g
cc -fPIE -DPIE -m64 -D_GNU_SOURCE -D_FILE_OFFSET_BITS=64 -D_LARGEFILE_SOURCE -Wstrict-prototypes -Wredundant-decls -Wall -Wundef -Wwrite-strings -Wmissing-prototypes -fno-strict-aliasing -fno-common -DSTM32_UART_ENABLE_OVERRUN -DSTM32_UART_NO_BAUD_DELAY -DDEBUG_STM32_UART -DDEBUG_STM32_RCC -DDEBUG_CLKTREE -Wendif-labels -Wmissing-include-dirs -Wempty-body -Wnested-externs -Wformat-security -Wformat-y2k -Winit-self -Wignored-qualifiers -Wold-style-declaration -Wold-style-definition -Wtype-limits -fstack-protector-strong -I/usr/include/libpng16 -o config-temp/qemu-conf.exe config-temp/qemu-conf.c -Wl,-z,relro -Wl,-z,now -pie -m64 -g
cc -fPIE -DPIE -m64 -D_GNU_SOURCE -D_FILE_OFFSET_BITS=64 -D_LARGEFILE_SOURCE -Wstrict-prototypes -Wredundant-decls -Wall -Wundef -Wwrite-strings -Wmissing-prototypes -fno-strict-aliasing -fno-common -DSTM32_UART_ENABLE_OVERRUN -DSTM32_UART_NO_BAUD_DELAY -DDEBUG_STM32_UART -DDEBUG_STM32_RCC -DDEBUG_CLKTREE -Wendif-labels -Wmissing-include-dirs -Wempty-body -Wnested-externs -Wformat-security -Wformat-y2k -Winit-self -Wignored-qualifiers -Wold-style-declaration -Wold-style-definition -Wtype-limits -fstack-protector-strong -I/usr/include/libpng16 -o config-temp/qemu-conf.exe config-temp/qemu-conf.c -Wl,-z,relro -Wl,-z,now -pie -m64 -g
cc -fPIE -DPIE -m64 -D_GNU_SOURCE -D_FILE_OFFSET_BITS=64 -D_LARGEFILE_SOURCE -Wstrict-prototypes -Wredundant-decls -Wall -Wundef -Wwrite-strings -Wmissing-prototypes -fno-strict-aliasing -fno-common -DSTM32_UART_ENABLE_OVERRUN -DSTM32_UART_NO_BAUD_DELAY -DDEBUG_STM32_UART -DDEBUG_STM32_RCC -DDEBUG_CLKTREE -Wendif-labels -Wmissing-include-dirs -Wempty-body -Wnested-externs -Wformat-security -Wformat-y2k -Winit-self -Wignored-qualifiers -Wold-style-declaration -Wold-style-definition -Wtype-limits -fstack-protector-strong -I/usr/include/libpng16 -o config-temp/qemu-conf.exe config-temp/qemu-conf.c -Wl,-z,relro -Wl,-z,now -pie -m64 -g
cc -fPIE -DPIE -m64 -D_GNU_SOURCE -D_FILE_OFFSET_BITS=64 -D_LARGEFILE_SOURCE -Wstrict-prototypes -Wredundant-decls -Wall -Wundef -Wwrite-strings -Wmissing-prototypes -fno-strict-aliasing -fno-common -DSTM32_UART_ENABLE_OVERRUN -DSTM32_UART_NO_BAUD_DELAY -DDEBUG_STM32_UART -DDEBUG_STM32_RCC -DDEBUG_CLKTREE -Wendif-labels -Wmissing-include-dirs -Wempty-body -Wnested-externs -Wformat-security -Wformat-y2k -Winit-self -Wignored-qualifiers -Wold-style-declaration -Wold-style-definition -Wtype-limits -fstack-protector-strong -I/usr/include/libpng16 -o config-temp/qemu-conf.exe config-temp/qemu-conf.c -Wl,-z,relro -Wl,-z,now -pie -m64 -g
cc -fPIE -DPIE -m64 -D_GNU_SOURCE -D_FILE_OFFSET_BITS=64 -D_LARGEFILE_SOURCE -Wstrict-prototypes -Wredundant-decls -Wall -Wundef -Wwrite-strings -Wmissing-prototypes -fno-strict-aliasing -fno-common -DSTM32_UART_ENABLE_OVERRUN -DSTM32_UART_NO_BAUD_DELAY -DDEBUG_STM32_UART -DDEBUG_STM32_RCC -DDEBUG_CLKTREE -Wendif-labels -Wmissing-include-dirs -Wempty-body -Wnested-externs -Wformat-security -Wformat-y2k -Winit-self -Wignored-qualifiers -Wold-style-declaration -Wold-style-definition -Wtype-limits -fstack-protector-strong -I/usr/include/libpng16 -Werror -o config-temp/qemu-conf.exe config-temp/qemu-conf.c -Wl,-z,relro -Wl,-z,now -pie -m64 -g
cc -fPIE -DPIE -m64 -D_GNU_SOURCE -D_FILE_OFFSET_BITS=64 -D_LARGEFILE_SOURCE -Wstrict-prototypes -Wredundant-decls -Wall -Wundef -Wwrite-strings -Wmissing-prototypes -fno-strict-aliasing -fno-common -DSTM32_UART_ENABLE_OVERRUN -DSTM32_UART_NO_BAUD_DELAY -DDEBUG_STM32_UART -DDEBUG_STM32_RCC -DDEBUG_CLKTREE -Wendif-labels -Wmissing-include-dirs -Wempty-body -Wnested-externs -Wformat-security -Wformat-y2k -Winit-self -Wignored-qualifiers -Wold-style-declaration -Wold-style-definition -Wtype-limits -fstack-protector-strong -I/usr/include/libpng16 -o config-temp/qemu-conf.exe config-temp/qemu-conf.c -Wl,-z,relro -Wl,-z,now -pie -m64 -g
config-temp/qemu-conf.c:1:10: fatal error: valgrind/valgrind.h: Aucun fichier ou dossier de ce type
 #include <valgrind/valgrind.h>
          ^~~~~~~~~~~~~~~~~~~~~
compilation terminated.
cc -fPIE -DPIE -m64 -D_GNU_SOURCE -D_FILE_OFFSET_BITS=64 -D_LARGEFILE_SOURCE -Wstrict-prototypes -Wredundant-decls -Wall -Wundef -Wwrite-strings -Wmissing-prototypes -fno-strict-aliasing -fno-common -DSTM32_UART_ENABLE_OVERRUN -DSTM32_UART_NO_BAUD_DELAY -DDEBUG_STM32_UART -DDEBUG_STM32_RCC -DDEBUG_CLKTREE -Wendif-labels -Wmissing-include-dirs -Wempty-body -Wnested-externs -Wformat-security -Wformat-y2k -Winit-self -Wignored-qualifiers -Wold-style-declaration -Wold-style-definition -Wtype-limits -fstack-protector-strong -I/usr/include/libpng16 -o config-temp/qemu-conf.exe config-temp/qemu-conf.c -Wl,-z,relro -Wl,-z,now -pie -m64 -g
cc -fPIE -DPIE -m64 -D_GNU_SOURCE -D_FILE_OFFSET_BITS=64 -D_LARGEFILE_SOURCE -Wstrict-prototypes -Wredundant-decls -Wall -Wundef -Wwrite-strings -Wmissing-prototypes -fno-strict-aliasing -fno-common -DSTM32_UART_ENABLE_OVERRUN -DSTM32_UART_NO_BAUD_DELAY -DDEBUG_STM32_UART -DDEBUG_STM32_RCC -DDEBUG_CLKTREE -Wendif-labels -Wmissing-include-dirs -Wempty-body -Wnested-externs -Wformat-security -Wformat-y2k -Winit-self -Wignored-qualifiers -Wold-style-declaration -Wold-style-definition -Wtype-limits -fstack-protector-strong -I/usr/include/libpng16 -o config-temp/qemu-conf.exe config-temp/qemu-conf.c -Wl,-z,relro -Wl,-z,now -pie -m64 -g
cc -fPIE -DPIE -m64 -D_GNU_SOURCE -D_FILE_OFFSET_BITS=64 -D_LARGEFILE_SOURCE -Wstrict-prototypes -Wredundant-decls -Wall -Wundef -Wwrite-strings -Wmissing-prototypes -fno-strict-aliasing -fno-common -DSTM32_UART_ENABLE_OVERRUN -DSTM32_UART_NO_BAUD_DELAY -DDEBUG_STM32_UART -DDEBUG_STM32_RCC -DDEBUG_CLKTREE -Wendif-labels -Wmissing-include-dirs -Wempty-body -Wnested-externs -Wformat-security -Wformat-y2k -Winit-self -Wignored-qualifiers -Wold-style-declaration -Wold-style-definition -Wtype-limits -fstack-protector-strong -I/usr/include/libpng16 -o config-temp/qemu-conf.exe config-temp/qemu-conf.c -Wl,-z,relro -Wl,-z,now -pie -m64 -g
cc -fPIE -DPIE -m64 -D_GNU_SOURCE -D_FILE_OFFSET_BITS=64 -D_LARGEFILE_SOURCE -Wstrict-prototypes -Wredundant-decls -Wall -Wundef -Wwrite-strings -Wmissing-prototypes -fno-strict-aliasing -fno-common -DSTM32_UART_ENABLE_OVERRUN -DSTM32_UART_NO_BAUD_DELAY -DDEBUG_STM32_UART -DDEBUG_STM32_RCC -DDEBUG_CLKTREE -Wendif-labels -Wmissing-include-dirs -Wempty-body -Wnested-externs -Wformat-security -Wformat-y2k -Winit-self -Wignored-qualifiers -Wold-style-declaration -Wold-style-definition -Wtype-limits -fstack-protector-strong -I/usr/include/libpng16 -o config-temp/qemu-conf.exe config-temp/qemu-conf.c -Wl,-z,relro -Wl,-z,now -pie -m64 -g
